<?xml version="1.0" encoding="UTF-8"?>
<!-- Generated by org.testng.reporters.JUnitReportReporter -->
<testsuite skipped="0" hostname="Rajesh-testing-Desktop" name="com.stock.nasdaq.NasdaqTest" tests="1" failures="0" timestamp="04 Sep 2019 09:41:18 GMT" time="79.349" errors="0">
  <testcase name="testcase_1" time="79.349" classname="com.stock.nasdaq.NasdaqTest"/>
</testsuite> <!-- com.stock.nasdaq.NasdaqTest -->
