<?xml version="1.0" encoding="UTF-8"?>
<!-- Generated by org.testng.reporters.JUnitReportReporter -->
<testsuite hostname="EITS165SRIKANTH" name="com.stock.nasdaq.NasdaqTest" tests="1" failures="0" timestamp="26 Feb 2019 09:15:33 GMT" time="46.167" errors="0">
  <testcase name="testcase_1" time="46.167" classname="com.stock.nasdaq.NasdaqTest"/>
</testsuite> <!-- com.stock.nasdaq.NasdaqTest -->
